<?xml version="1.0" encoding="UTF-8"?>
<!-- Generated by org.testng.reporters.JUnitReportReporter -->
<testsuite skipped="0" hostname="DESKTOP-HJBVMJK" name="testng.sample" tests="3" failures="0" timestamp="11 Aug 2021 08:59:58 GMT" time="0.118" errors="0">
  <testcase name="test2" time="0.017" classname="testng.sample"/>
  <testcase name="test2" time="0.091" classname="testng.sample"/>
  <testcase name="test2" time="0.010" classname="testng.sample"/>
</testsuite> <!-- testng.sample -->
