<?xml version="1.0" encoding="UTF-8"?>
<!-- Generated by org.testng.reporters.JUnitReportReporter -->
<testsuite skipped="0" hostname="DESKTOP-HJBVMJK" name="POM_scripts.loginscript" tests="1" failures="0" timestamp="29 Jul 2021 04:40:29 GMT" time="18.556" errors="0">
  <testcase name="hello" time="18.556" classname="POM_scripts.loginscript"/>
</testsuite> <!-- POM_scripts.loginscript -->
