<?xml version="1.0" encoding="UTF-8"?>
<!-- Generated by org.testng.reporters.JUnitReportReporter -->
<testsuite skipped="0" hostname="DESKTOP-HJBVMJK" name="POM_scripts.practice_script" tests="1" failures="0" timestamp="2 Aug 2021 05:20:12 GMT" time="22.602" errors="0">
  <testcase name="script" time="22.602" classname="POM_scripts.practice_script"/>
</testsuite> <!-- POM_scripts.practice_script -->
