<?xml version="1.0" encoding="UTF-8"?>
<!-- Generated by org.testng.reporters.JUnitReportReporter -->
<testsuite skipped="0" hostname="DESKTOP-HJBVMJK" name="testng.dependency" tests="3" failures="0" timestamp="29 Jul 2021 04:37:33 GMT" time="0.014" errors="0">
  <testcase name="sentitems" time="0.001" classname="testng.dependency"/>
  <testcase name="trash" time="0.002" classname="testng.dependency"/>
  <testcase name="compose" time="0.011" classname="testng.dependency"/>
</testsuite> <!-- testng.dependency -->
